Сборка начата 15.12.2023 23:40:30.
Уровень детализации журнала: Normal.     1>Проект "C:\BELSTU\Course1\MyOwnProjects\Pokemon\Game\Game\Game.vcxproj" в узле 2 (целевые объекты Build).
     1>InitializeBuildStatus:
         Создание "x64\Debug\Game.tlog\unsuccessfulbuild", так как было задано "AlwaysCreate".
         Обращение к "x64\Debug\Game.tlog\unsuccessfulbuild".
       ClCompile:
         C:\Program Files\Microsoft Visual Studio\2022\Community\VC\Tools\MSVC\14.37.32822\bin\HostX64\x64\CL.exe /c /ZI /JMC /nologo /W3 /WX- /diagnostics:column /sdl /Od /D _DEBUG /D _CONSOLE /D _UNICODE /D UNICODE /Gm- /EHsc /RTC1 /MDd /GS /fp:precise /Zc:wchar_t /Zc:forScope /Zc:inline /permissive- /Fo"x64\Debug\\" /Fd"x64\Debug\vc143.pdb" /external:W3 /Gd /TP /FC /errorReport:prompt Game.cpp
         Game.cpp
     1>C:\BELSTU\Course1\MyOwnProjects\Pokemon\Game\Game\Game.cpp(17,1): warning C4326: возвращаемый тип "main" должен быть "int", а не "void"
     1>C:\BELSTU\Course1\MyOwnProjects\Pokemon\Game\Game\Game.cpp(18,12): warning C4244: аргумент: преобразование "time_t" в "unsigned int", возможна потеря данных
       Link:
         C:\Program Files\Microsoft Visual Studio\2022\Community\VC\Tools\MSVC\14.37.32822\bin\HostX64\x64\link.exe /ERRORREPORT:PROMPT /OUT:"C:\BELSTU\Course1\MyOwnProjects\Pokemon\Game\x64\Debug\Game.exe" /INCREMENTAL /ILK:"x64\Debug\Game.ilk" /NOLOGO kernel32.lib user32.lib gdi32.lib winspool.lib comdlg32.lib advapi32.lib shell32.lib ole32.lib oleaut32.lib uuid.lib odbc32.lib odbccp32.lib /MANIFEST /MANIFESTUAC:"level='asInvoker' uiAccess='false'" /manifest:embed /DEBUG /PDB:"C:\BELSTU\Course1\MyOwnProjects\Pokemon\Game\x64\Debug\Game.pdb" /SUBSYSTEM:CONSOLE /TLBID:1 /DYNAMICBASE /NXCOMPAT /IMPLIB:"C:\BELSTU\Course1\MyOwnProjects\Pokemon\Game\x64\Debug\Game.lib" /MACHINE:X64 x64\Debug\Game.obj
         Game.vcxproj -> C:\BELSTU\Course1\MyOwnProjects\Pokemon\Game\x64\Debug\Game.exe
       FinalizeBuildStatus:
         Файл "x64\Debug\Game.tlog\unsuccessfulbuild" удаляется.
         Обращение к "x64\Debug\Game.tlog\Game.lastbuildstate".
     1>Сборка проекта "C:\BELSTU\Course1\MyOwnProjects\Pokemon\Game\Game\Game.vcxproj" завершена (целевые объекты Build).

Сборка успешно завершена.

       "C:\BELSTU\Course1\MyOwnProjects\Pokemon\Game\Game\Game.vcxproj" (целевой объект Build ) (1) ->
       (Целевой объект ClCompile) -> 
         C:\BELSTU\Course1\MyOwnProjects\Pokemon\Game\Game\Game.cpp(17,1): warning C4326: возвращаемый тип "main" должен быть "int", а не "void"
         C:\BELSTU\Course1\MyOwnProjects\Pokemon\Game\Game\Game.cpp(18,12): warning C4244: аргумент: преобразование "time_t" в "unsigned int", возможна потеря данных

    Предупреждений: 2
    Ошибок: 0

Прошло времени 00:00:00.94
